<?xml version="1.0" encoding="UTF-8"?>
<testng-results ignored="0" total="7" passed="7" failed="0" skipped="0">
  <reporter-output>
  </reporter-output>
  <suite started-at="2022-10-13T15:22:25 IST" name="Default suite" finished-at="2022-10-13T15:23:54 IST" duration-ms="89077">
    <groups>
    </groups>
    <test started-at="2022-10-13T15:22:25 IST" name="Default test" finished-at="2022-10-13T15:23:54 IST" duration-ms="89077">
      <class name="com.test.FlipCartTestChrome">
        <test-method is-config="true" signature="beforeClass()[pri:0, instance:com.test.FlipCartTestChrome@201a4587]" started-at="2022-10-13T15:22:25 IST" name="beforeClass" finished-at="2022-10-13T15:23:13 IST" duration-ms="48169" status="PASS">
          <reporter-output>
          </reporter-output>
        </test-method> <!-- beforeClass -->
        <test-method signature="closeLogin()[pri:1, instance:com.test.FlipCartTestChrome@201a4587]" started-at="2022-10-13T15:23:13 IST" name="closeLogin" finished-at="2022-10-13T15:23:15 IST" duration-ms="1282" status="PASS">
          <reporter-output>
          </reporter-output>
        </test-method> <!-- closeLogin -->
        <test-method signature="scroll()[pri:2, instance:com.test.FlipCartTestChrome@201a4587]" started-at="2022-10-13T15:23:15 IST" name="scroll" finished-at="2022-10-13T15:23:21 IST" duration-ms="6074" status="PASS">
          <reporter-output>
          </reporter-output>
        </test-method> <!-- scroll -->
        <test-method signature="searchProduct()[pri:3, instance:com.test.FlipCartTestChrome@201a4587]" started-at="2022-10-13T15:23:21 IST" name="searchProduct" finished-at="2022-10-13T15:23:26 IST" duration-ms="5516" status="PASS">
          <reporter-output>
          </reporter-output>
        </test-method> <!-- searchProduct -->
        <test-method signature="loadImage()[pri:4, instance:com.test.FlipCartTestChrome@201a4587]" started-at="2022-10-13T15:23:26 IST" name="loadImage" finished-at="2022-10-13T15:23:44 IST" duration-ms="18048" status="PASS">
          <reporter-output>
          </reporter-output>
        </test-method> <!-- loadImage -->
        <test-method signature="scrollFrequency()[pri:5, instance:com.test.FlipCartTestChrome@201a4587]" started-at="2022-10-13T15:23:44 IST" name="scrollFrequency" finished-at="2022-10-13T15:23:46 IST" duration-ms="2052" status="PASS">
          <reporter-output>
          </reporter-output>
        </test-method> <!-- scrollFrequency -->
        <test-method signature="downloadImages()[pri:6, instance:com.test.FlipCartTestChrome@201a4587]" started-at="2022-10-13T15:23:46 IST" name="downloadImages" finished-at="2022-10-13T15:23:46 IST" duration-ms="29" status="PASS">
          <reporter-output>
          </reporter-output>
        </test-method> <!-- downloadImages -->
        <test-method signature="screenResolution()[pri:7, instance:com.test.FlipCartTestChrome@201a4587]" started-at="2022-10-13T15:23:46 IST" name="screenResolution" finished-at="2022-10-13T15:23:54 IST" duration-ms="7814" status="PASS">
          <reporter-output>
          </reporter-output>
        </test-method> <!-- screenResolution -->
        <test-method is-config="true" signature="afterClass()[pri:0, instance:com.test.FlipCartTestChrome@201a4587]" started-at="2022-10-13T15:23:54 IST" name="afterClass" finished-at="2022-10-13T15:23:54 IST" duration-ms="0" status="PASS">
          <reporter-output>
          </reporter-output>
        </test-method> <!-- afterClass -->
      </class> <!-- com.test.FlipCartTestChrome -->
    </test> <!-- Default test -->
  </suite> <!-- Default suite -->
</testng-results>
