<?xml version="1.0" encoding="UTF-8"?>
<!-- Generated by org.testng.reporters.JUnitXMLReporter -->
<testsuite ignored="0" hostname="LAPTOP-DEVK9AU1" failures="0" tests="7" name="Default test" time="89.077" errors="0" timestamp="2022-10-13T15:23:54 IST">
  <testcase classname="com.test.FlipCartTestChrome" name="closeLogin" time="1.282"/>
  <testcase classname="com.test.FlipCartTestChrome" name="scroll" time="6.074"/>
  <testcase classname="com.test.FlipCartTestChrome" name="searchProduct" time="5.516"/>
  <testcase classname="com.test.FlipCartTestChrome" name="loadImage" time="18.048"/>
  <testcase classname="com.test.FlipCartTestChrome" name="scrollFrequency" time="2.052"/>
  <testcase classname="com.test.FlipCartTestChrome" name="downloadImages" time="0.029"/>
  <testcase classname="com.test.FlipCartTestChrome" name="screenResolution" time="7.814"/>
</testsuite> <!-- Default test -->
